This file contains any messages produced by compilers while
running configure, to aid debugging if configure makes a mistake.

It was created by ParIS Parallel index of sequence configure 1.3, which was
generated by GNU Autoconf 2.69.  Invocation command line was

  $ ./configure 

## --------- ##
## Platform. ##
## --------- ##

hostname = vader.cluster.ics.forth.gr
uname -m = x86_64
uname -r = 3.10.0-1160.45.1.el7.x86_64
uname -s = Linux
uname -v = #1 SMP Wed Oct 13 17:20:51 UTC 2021

/usr/bin/uname -p = x86_64
/bin/uname -X     = unknown

/bin/arch              = x86_64
/usr/bin/arch -k       = unknown
/usr/convex/getsysinfo = unknown
/usr/bin/hostinfo      = unknown
/bin/machine           = unknown
/usr/bin/oslevel       = unknown
/bin/universe          = unknown

PATH: /opt/rh/llvm-toolset-7/root/usr/bin
PATH: /opt/rh/llvm-toolset-7/root/usr/sbin
PATH: /opt/rh/devtoolset-11/root/usr/bin
PATH: /opt/rh/devtoolset-9/root/usr/bin
PATH: /opt/rh/devtoolset-8/root/usr/bin
PATH: /usr/lib64/ccache
PATH: /usr/local/bin
PATH: /usr/bin
PATH: /usr/local/sbin
PATH: /usr/sbin
PATH: /opt/ibutils/bin
PATH: /home1/public/ekosmas/bin


## ----------- ##
## Core tests. ##
## ----------- ##

configure:2092: checking for a BSD-compatible install
configure:2160: result: /usr/bin/install -c
configure:2171: checking whether build environment is sane
configure:2226: result: yes
configure:2377: checking for a thread-safe mkdir -p
configure:2416: result: /usr/bin/mkdir -p
configure:2423: checking for gawk
configure:2439: found /usr/bin/gawk
configure:2450: result: gawk
configure:2461: checking whether make sets $(MAKE)
configure:2483: result: yes
configure:2512: checking whether make supports nested variables
configure:2529: result: yes
configure:2660: checking for style of include used by make
configure:2688: result: GNU
configure:2759: checking for gcc
configure:2775: found /opt/rh/devtoolset-11/root/usr/bin/gcc
configure:2786: result: gcc
configure:3015: checking for C compiler version
configure:3024: gcc --version >&5
gcc (GCC) 11.2.1 20220127 (Red Hat 11.2.1-9)
Copyright (C) 2021 Free Software Foundation, Inc.
This is free software; see the source for copying conditions.  There is NO
warranty; not even for MERCHANTABILITY or FITNESS FOR A PARTICULAR PURPOSE.

configure:3035: $? = 0
configure:3024: gcc -v >&5
Using built-in specs.
COLLECT_GCC=gcc
COLLECT_LTO_WRAPPER=/opt/rh/devtoolset-11/root/usr/libexec/gcc/x86_64-redhat-linux/11/lto-wrapper
Target: x86_64-redhat-linux
Configured with: ../configure --enable-bootstrap --enable-languages=c,c++,fortran,lto --prefix=/opt/rh/devtoolset-11/root/usr --mandir=/opt/rh/devtoolset-11/root/usr/share/man --infodir=/opt/rh/devtoolset-11/root/usr/share/info --with-bugurl=http://bugzilla.redhat.com/bugzilla --enable-shared --enable-threads=posix --enable-checking=release --enable-multilib --with-system-zlib --enable-__cxa_atexit --disable-libunwind-exceptions --enable-gnu-unique-object --enable-linker-build-id --with-gcc-major-version-only --with-linker-hash-style=gnu --with-default-libstdcxx-abi=gcc4-compatible --enable-plugin --enable-initfini-array --with-isl=/builddir/build/BUILD/gcc-11.2.1-20220127/obj-x86_64-redhat-linux/isl-install --enable-gnu-indirect-function --with-tune=generic --with-arch_32=x86-64 --build=x86_64-redhat-linux
Thread model: posix
Supported LTO compression algorithms: zlib
gcc version 11.2.1 20220127 (Red Hat 11.2.1-9) (GCC) 
configure:3035: $? = 0
configure:3024: gcc -V >&5
gcc: error: unrecognized command-line option '-V'
gcc: fatal error: no input files
compilation terminated.
configure:3035: $? = 1
configure:3024: gcc -qversion >&5
gcc: error: unrecognized command-line option '-qversion'; did you mean '--version'?
gcc: fatal error: no input files
compilation terminated.
configure:3035: $? = 1
configure:3055: checking whether the C compiler works
configure:3077: gcc    conftest.c  >&5
configure:3081: $? = 0
configure:3129: result: yes
configure:3132: checking for C compiler default output file name
configure:3134: result: a.out
configure:3140: checking for suffix of executables
configure:3147: gcc -o conftest    conftest.c  >&5
configure:3151: $? = 0
configure:3173: result: 
configure:3195: checking whether we are cross compiling
configure:3203: gcc -o conftest    conftest.c  >&5
configure:3207: $? = 0
configure:3214: ./conftest
configure:3218: $? = 0
configure:3233: result: no
configure:3238: checking for suffix of object files
configure:3260: gcc -c   conftest.c >&5
configure:3264: $? = 0
configure:3285: result: o
configure:3289: checking whether we are using the GNU C compiler
configure:3308: gcc -c   conftest.c >&5
configure:3308: $? = 0
configure:3317: result: yes
configure:3326: checking whether gcc accepts -g
configure:3346: gcc -c -g  conftest.c >&5
configure:3346: $? = 0
configure:3387: result: yes
configure:3404: checking for gcc option to accept ISO C89
configure:3467: gcc  -c -g -O2  conftest.c >&5
configure:3467: $? = 0
configure:3480: result: none needed
configure:3505: checking whether gcc understands -c and -o together
configure:3527: gcc -c conftest.c -o conftest2.o
configure:3530: $? = 0
configure:3527: gcc -c conftest.c -o conftest2.o
configure:3530: $? = 0
configure:3542: result: yes
configure:3561: checking dependency style of gcc
configure:3672: result: gcc3
configure:3737: checking for ar
configure:3753: found /opt/rh/devtoolset-11/root/usr/bin/ar
configure:3764: result: ar
configure:3790: checking the archiver (ar) interface
configure:3806: gcc -c -g -O2  conftest.c >&5
configure:3806: $? = 0
configure:3808: ar cru libconftest.a conftest.o >&5
configure:3811: $? = 0
configure:3839: result: ar
configure:3907: checking for gcc
configure:3934: result: gcc
configure:4163: checking for C compiler version
configure:4172: gcc --version >&5
gcc (GCC) 11.2.1 20220127 (Red Hat 11.2.1-9)
Copyright (C) 2021 Free Software Foundation, Inc.
This is free software; see the source for copying conditions.  There is NO
warranty; not even for MERCHANTABILITY or FITNESS FOR A PARTICULAR PURPOSE.

configure:4183: $? = 0
configure:4172: gcc -v >&5
Using built-in specs.
COLLECT_GCC=gcc
COLLECT_LTO_WRAPPER=/opt/rh/devtoolset-11/root/usr/libexec/gcc/x86_64-redhat-linux/11/lto-wrapper
Target: x86_64-redhat-linux
Configured with: ../configure --enable-bootstrap --enable-languages=c,c++,fortran,lto --prefix=/opt/rh/devtoolset-11/root/usr --mandir=/opt/rh/devtoolset-11/root/usr/share/man --infodir=/opt/rh/devtoolset-11/root/usr/share/info --with-bugurl=http://bugzilla.redhat.com/bugzilla --enable-shared --enable-threads=posix --enable-checking=release --enable-multilib --with-system-zlib --enable-__cxa_atexit --disable-libunwind-exceptions --enable-gnu-unique-object --enable-linker-build-id --with-gcc-major-version-only --with-linker-hash-style=gnu --with-default-libstdcxx-abi=gcc4-compatible --enable-plugin --enable-initfini-array --with-isl=/builddir/build/BUILD/gcc-11.2.1-20220127/obj-x86_64-redhat-linux/isl-install --enable-gnu-indirect-function --with-tune=generic --with-arch_32=x86-64 --build=x86_64-redhat-linux
Thread model: posix
Supported LTO compression algorithms: zlib
gcc version 11.2.1 20220127 (Red Hat 11.2.1-9) (GCC) 
configure:4183: $? = 0
configure:4172: gcc -V >&5
gcc: error: unrecognized command-line option '-V'
gcc: fatal error: no input files
compilation terminated.
configure:4183: $? = 1
configure:4172: gcc -qversion >&5
gcc: error: unrecognized command-line option '-qversion'; did you mean '--version'?
gcc: fatal error: no input files
compilation terminated.
configure:4183: $? = 1
configure:4187: checking whether we are using the GNU C compiler
configure:4215: result: yes
configure:4224: checking whether gcc accepts -g
configure:4285: result: yes
configure:4302: checking for gcc option to accept ISO C89
configure:4378: result: none needed
configure:4403: checking whether gcc understands -c and -o together
configure:4440: result: yes
configure:4459: checking dependency style of gcc
configure:4570: result: gcc3
configure:4628: checking for ranlib
configure:4644: found /opt/rh/devtoolset-11/root/usr/bin/ranlib
configure:4655: result: ranlib
configure:4683: checking how to run the C preprocessor
configure:4714: gcc -E  conftest.c
configure:4714: $? = 0
configure:4728: gcc -E  conftest.c
conftest.c:9:10: fatal error: ac_nonexistent.h: No such file or directory
    9 | #include <ac_nonexistent.h>
      |          ^~~~~~~~~~~~~~~~~~
compilation terminated.
configure:4728: $? = 1
configure: failed program was:
| /* confdefs.h */
| #define PACKAGE_NAME "ParIS Parallel index of sequence"
| #define PACKAGE_TARNAME "libads"
| #define PACKAGE_VERSION "1.3"
| #define PACKAGE_STRING "ParIS Parallel index of sequence 1.3"
| #define PACKAGE_BUGREPORT "botao.peng@parisdescartes.fr"
| #define PACKAGE_URL ""
| /* end confdefs.h.  */
| #include <ac_nonexistent.h>
configure:4753: result: gcc -E
configure:4773: gcc -E  conftest.c
configure:4773: $? = 0
configure:4787: gcc -E  conftest.c
conftest.c:9:10: fatal error: ac_nonexistent.h: No such file or directory
    9 | #include <ac_nonexistent.h>
      |          ^~~~~~~~~~~~~~~~~~
compilation terminated.
configure:4787: $? = 1
configure: failed program was:
| /* confdefs.h */
| #define PACKAGE_NAME "ParIS Parallel index of sequence"
| #define PACKAGE_TARNAME "libads"
| #define PACKAGE_VERSION "1.3"
| #define PACKAGE_STRING "ParIS Parallel index of sequence 1.3"
| #define PACKAGE_BUGREPORT "botao.peng@parisdescartes.fr"
| #define PACKAGE_URL ""
| /* end confdefs.h.  */
| #include <ac_nonexistent.h>
configure:4816: checking for grep that handles long lines and -e
configure:4874: result: /usr/bin/grep
configure:4879: checking for egrep
configure:4941: result: /usr/bin/grep -E
configure:4946: checking for ANSI C header files
configure:4966: gcc -c -g -O2  conftest.c >&5
configure:4966: $? = 0
configure:5039: gcc -o conftest -g -O2   conftest.c  >&5
configure:5039: $? = 0
configure:5039: ./conftest
configure:5039: $? = 0
configure:5050: result: yes
configure:5063: checking for sys/types.h
configure:5063: gcc -c -g -O2  conftest.c >&5
configure:5063: $? = 0
configure:5063: result: yes
configure:5063: checking for sys/stat.h
configure:5063: gcc -c -g -O2  conftest.c >&5
configure:5063: $? = 0
configure:5063: result: yes
configure:5063: checking for stdlib.h
configure:5063: gcc -c -g -O2  conftest.c >&5
configure:5063: $? = 0
configure:5063: result: yes
configure:5063: checking for string.h
configure:5063: gcc -c -g -O2  conftest.c >&5
configure:5063: $? = 0
configure:5063: result: yes
configure:5063: checking for memory.h
configure:5063: gcc -c -g -O2  conftest.c >&5
configure:5063: $? = 0
configure:5063: result: yes
configure:5063: checking for strings.h
configure:5063: gcc -c -g -O2  conftest.c >&5
configure:5063: $? = 0
configure:5063: result: yes
configure:5063: checking for inttypes.h
configure:5063: gcc -c -g -O2  conftest.c >&5
configure:5063: $? = 0
configure:5063: result: yes
configure:5063: checking for stdint.h
configure:5063: gcc -c -g -O2  conftest.c >&5
configure:5063: $? = 0
configure:5063: result: yes
configure:5063: checking for unistd.h
configure:5063: gcc -c -g -O2  conftest.c >&5
configure:5063: $? = 0
configure:5063: result: yes
configure:5075: checking values.h usability
configure:5075: gcc -c -g -O2  conftest.c >&5
configure:5075: $? = 0
configure:5075: result: yes
configure:5075: checking values.h presence
configure:5075: gcc -E  conftest.c
configure:5075: $? = 0
configure:5075: result: yes
configure:5075: checking for values.h
configure:5075: result: yes
configure:5283: checking that generated files are newer than configure
configure:5289: result: done
configure:5316: creating ./config.status

## ---------------------- ##
## Running config.status. ##
## ---------------------- ##

This file was extended by ParIS Parallel index of sequence config.status 1.3, which was
generated by GNU Autoconf 2.69.  Invocation command line was

  CONFIG_FILES    = 
  CONFIG_HEADERS  = 
  CONFIG_LINKS    = 
  CONFIG_COMMANDS = 
  $ ./config.status 

on vader.cluster.ics.forth.gr

config.status:857: creating Makefile
config.status:857: creating config.h
config.status:1038: config.h is unchanged
config.status:1086: executing depfiles commands

## ---------------- ##
## Cache variables. ##
## ---------------- ##

ac_cv_c_compiler_gnu=yes
ac_cv_env_CC_set=
ac_cv_env_CC_value=
ac_cv_env_CFLAGS_set=
ac_cv_env_CFLAGS_value=
ac_cv_env_CPPFLAGS_set=
ac_cv_env_CPPFLAGS_value=
ac_cv_env_CPP_set=
ac_cv_env_CPP_value=
ac_cv_env_LDFLAGS_set=
ac_cv_env_LDFLAGS_value=
ac_cv_env_LIBS_set=
ac_cv_env_LIBS_value=
ac_cv_env_build_alias_set=
ac_cv_env_build_alias_value=
ac_cv_env_host_alias_set=
ac_cv_env_host_alias_value=
ac_cv_env_target_alias_set=
ac_cv_env_target_alias_value=
ac_cv_header_inttypes_h=yes
ac_cv_header_memory_h=yes
ac_cv_header_stdc=yes
ac_cv_header_stdint_h=yes
ac_cv_header_stdlib_h=yes
ac_cv_header_string_h=yes
ac_cv_header_strings_h=yes
ac_cv_header_sys_stat_h=yes
ac_cv_header_sys_types_h=yes
ac_cv_header_unistd_h=yes
ac_cv_header_values_h=yes
ac_cv_objext=o
ac_cv_path_EGREP='/usr/bin/grep -E'
ac_cv_path_GREP=/usr/bin/grep
ac_cv_path_install='/usr/bin/install -c'
ac_cv_path_mkdir=/usr/bin/mkdir
ac_cv_prog_AWK=gawk
ac_cv_prog_CPP='gcc -E'
ac_cv_prog_ac_ct_AR=ar
ac_cv_prog_ac_ct_CC=gcc
ac_cv_prog_ac_ct_RANLIB=ranlib
ac_cv_prog_cc_c89=
ac_cv_prog_cc_g=yes
ac_cv_prog_make_make_set=yes
am_cv_CC_dependencies_compiler_type=gcc3
am_cv_ar_interface=ar
am_cv_make_support_nested_variables=yes
am_cv_prog_cc_c_o=yes

## ----------------- ##
## Output variables. ##
## ----------------- ##

ACLOCAL='${SHELL} /home1/public/ekosmas/github/Fresh/ads/missing aclocal-1.15'
AMDEPBACKSLASH='\'
AMDEP_FALSE='#'
AMDEP_TRUE=''
AMTAR='$${TAR-tar}'
AM_BACKSLASH='\'
AM_DEFAULT_V='$(AM_DEFAULT_VERBOSITY)'
AM_DEFAULT_VERBOSITY='1'
AM_V='$(V)'
AR='ar'
AUTOCONF='${SHELL} /home1/public/ekosmas/github/Fresh/ads/missing autoconf'
AUTOHEADER='${SHELL} /home1/public/ekosmas/github/Fresh/ads/missing autoheader'
AUTOMAKE='${SHELL} /home1/public/ekosmas/github/Fresh/ads/missing automake-1.15'
AWK='gawk'
CC='gcc'
CCDEPMODE='depmode=gcc3'
CFLAGS='-g -O2'
CPP='gcc -E'
CPPFLAGS=''
CYGPATH_W='echo'
DEFS='-DHAVE_CONFIG_H'
DEPDIR='.deps'
ECHO_C=''
ECHO_N='-n'
ECHO_T=''
EGREP='/usr/bin/grep -E'
EXEEXT=''
GREP='/usr/bin/grep'
INSTALL_DATA='${INSTALL} -m 644'
INSTALL_PROGRAM='${INSTALL}'
INSTALL_SCRIPT='${INSTALL}'
INSTALL_STRIP_PROGRAM='$(install_sh) -c -s'
LDFLAGS=''
LIBOBJS=''
LIBS=''
LTLIBOBJS=''
MAKEINFO='${SHELL} /home1/public/ekosmas/github/Fresh/ads/missing makeinfo'
MKDIR_P='/usr/bin/mkdir -p'
OBJEXT='o'
PACKAGE='libads'
PACKAGE_BUGREPORT='botao.peng@parisdescartes.fr'
PACKAGE_NAME='ParIS Parallel index of sequence'
PACKAGE_STRING='ParIS Parallel index of sequence 1.3'
PACKAGE_TARNAME='libads'
PACKAGE_URL=''
PACKAGE_VERSION='1.3'
PATH_SEPARATOR=':'
RANLIB='ranlib'
SET_MAKE=''
SHELL='/bin/sh'
STRIP=''
VERSION='1.3'
ac_ct_AR='ar'
ac_ct_CC='gcc'
am__EXEEXT_FALSE=''
am__EXEEXT_TRUE='#'
am__fastdepCC_FALSE='#'
am__fastdepCC_TRUE=''
am__include='include'
am__isrc=''
am__leading_dot='.'
am__nodep='_no'
am__quote=''
am__tar='$${TAR-tar} chof - "$$tardir"'
am__untar='$${TAR-tar} xf -'
bindir='${exec_prefix}/bin'
build_alias=''
datadir='${datarootdir}'
datarootdir='${prefix}/share'
docdir='${datarootdir}/doc/${PACKAGE_TARNAME}'
dvidir='${docdir}'
exec_prefix='${prefix}'
host_alias=''
htmldir='${docdir}'
includedir='${prefix}/include'
infodir='${datarootdir}/info'
install_sh='${SHELL} /home1/public/ekosmas/github/Fresh/ads/install-sh'
libdir='${exec_prefix}/lib'
libexecdir='${exec_prefix}/libexec'
localedir='${datarootdir}/locale'
localstatedir='${prefix}/var'
mandir='${datarootdir}/man'
mkdir_p='$(MKDIR_P)'
oldincludedir='/usr/include'
pdfdir='${docdir}'
prefix='/usr/local'
program_transform_name='s,x,x,'
psdir='${docdir}'
sbindir='${exec_prefix}/sbin'
sharedstatedir='${prefix}/com'
sysconfdir='${prefix}/etc'
target_alias=''

## ----------- ##
## confdefs.h. ##
## ----------- ##

/* confdefs.h */
#define PACKAGE_NAME "ParIS Parallel index of sequence"
#define PACKAGE_TARNAME "libads"
#define PACKAGE_VERSION "1.3"
#define PACKAGE_STRING "ParIS Parallel index of sequence 1.3"
#define PACKAGE_BUGREPORT "botao.peng@parisdescartes.fr"
#define PACKAGE_URL ""
#define STDC_HEADERS 1
#define HAVE_SYS_TYPES_H 1
#define HAVE_SYS_STAT_H 1
#define HAVE_STDLIB_H 1
#define HAVE_STRING_H 1
#define HAVE_MEMORY_H 1
#define HAVE_STRINGS_H 1
#define HAVE_INTTYPES_H 1
#define HAVE_STDINT_H 1
#define HAVE_UNISTD_H 1
#define VALUES /**/
#define EKOSMAS_DEV_OUTPUT /**/
#define BENCHMARK /**/
#define VERBOSE 0

configure: exit 0

## ---------------------- ##
## Running config.status. ##
## ---------------------- ##

This file was extended by ParIS Parallel index of sequence config.status 1.3, which was
generated by GNU Autoconf 2.69.  Invocation command line was

  CONFIG_FILES    = 
  CONFIG_HEADERS  = 
  CONFIG_LINKS    = 
  CONFIG_COMMANDS = 
  $ ./config.status Makefile depfiles

on vader.cluster.ics.forth.gr

config.status:857: creating Makefile
config.status:1086: executing depfiles commands
